2556-10-06 17:48:13 [INFO] [Multiverse-Portals]  0 - Portals(s) loaded
2556-10-06 18:14:07 [INFO] [Multiverse-Portals]  3 - Portals(s) loaded
2556-10-06 18:44:42 [INFO] [Multiverse-Portals]  3 - Portals(s) loaded
2556-10-06 19:27:40 [INFO] [Multiverse-Portals]  2 - Portals(s) loaded
2556-10-06 19:38:37 [INFO] [Multiverse-Portals]  3 - Portals(s) loaded
2556-10-06 21:50:14 [INFO] [Multiverse-Portals]  2 - Portals(s) loaded
2556-10-06 21:53:46 [INFO] [Multiverse-Portals]  2 - Portals(s) loaded
2556-10-07 10:25:58 [INFO] [Multiverse-Portals]  2 - Portals(s) loaded
2556-10-07 10:41:21 [INFO] [Multiverse-Portals]  4 - Portals(s) loaded
2556-10-07 11:04:18 [INFO] [Multiverse-Portals]  5 - Portals(s) loaded
2556-10-07 11:21:57 [WARNING] [Multiverse-Portals]  Failed Parsing World for: land1 (World Error, World did not exist or was not imported into Multiverse-Core!)
2556-10-07 11:21:57 [WARNING] [Multiverse-Portals]  Portal land1 has an invalid LOCATION!
2556-10-07 11:21:57 [WARNING] [Multiverse-Portals]  Portal 'land1' not loaded due to invalid location!
2556-10-07 11:21:57 [WARNING] [Multiverse-Portals]  Failed Parsing World for: portalland1 (World Error, World did not exist or was not imported into Multiverse-Core!)
2556-10-07 11:21:57 [WARNING] [Multiverse-Portals]  Portal portalland1 has an invalid LOCATION!
2556-10-07 11:21:57 [WARNING] [Multiverse-Portals]  Portal 'portalland1' not loaded due to invalid location!
2556-10-07 11:21:57 [INFO] [Multiverse-Portals]  5 - Portals(s) loaded
2556-10-07 12:38:11 [INFO] [Multiverse-Portals]  9 - Portals(s) loaded
2556-10-07 13:15:56 [INFO] [Multiverse-Portals]  9 - Portals(s) loaded
2556-10-07 13:54:01 [INFO] [Multiverse-Portals]  9 - Portals(s) loaded
2556-10-07 15:48:10 [INFO] [Multiverse-Portals]  16 - Portals(s) loaded
2556-10-07 17:48:09 [INFO] [Multiverse-Portals]  16 - Portals(s) loaded
