2556-10-06 16:41:56 [INFO] [Multiverse-Core] - Version 2.4-b527 (API v14) Enabled - By Rigby, fernferret, lithium3141 and main--
2556-10-06 16:41:56 [INFO] [Multiverse-Core] Loading World & Settings - 'world' - Env: NORMAL - Type: NORMAL & seed: 5162489594825691053
2556-10-06 16:41:56 [INFO] [Multiverse-Core] Loading World & Settings - 'world_nether' - Env: NETHER - Type: NORMAL & seed: 5162489594825691053
2556-10-06 16:41:56 [INFO] [Multiverse-Core] Loading World & Settings - 'world_the_end' - Env: THE_END - Type: NORMAL & seed: 5162489594825691053
2556-10-06 16:41:56 [INFO] [Multiverse-Core] Loading World & Settings - 'world' - Env: NORMAL - Type: NORMAL & seed: 5162489594825691053
2556-10-06 16:41:56 [INFO] [Multiverse-Core] Loading World & Settings - 'world_nether' - Env: NETHER - Type: NORMAL & seed: 5162489594825691053
2556-10-06 16:41:56 [INFO] [Multiverse-Core] Loading World & Settings - 'world_the_end' - Env: THE_END - Type: NORMAL & seed: 5162489594825691053
2556-10-06 16:41:56 [INFO] [Multiverse-Core] 3 - World(s) loaded.
2556-10-06 16:45:50 [INFO] [Multiverse-Core] - Version 2.4-b527 (API v14) Enabled - By Rigby, fernferret, lithium3141 and main--
2556-10-06 16:45:50 [INFO] [Multiverse-Core] Loading World & Settings - 'world' - Env: NORMAL - Type: NORMAL & seed: 5162489594825691053
2556-10-06 16:45:50 [INFO] [Multiverse-Core] Loading World & Settings - 'world_nether' - Env: NETHER - Type: NORMAL & seed: 5162489594825691053
2556-10-06 16:45:50 [INFO] [Multiverse-Core] Loading World & Settings - 'world_the_end' - Env: THE_END - Type: NORMAL & seed: 5162489594825691053
2556-10-06 16:45:50 [INFO] [Multiverse-Core] 3 - World(s) loaded.
2556-10-06 16:53:53 [INFO] [Multiverse-Core] - Version 2.4-b527 (API v14) Enabled - By Rigby, fernferret, lithium3141 and main--
2556-10-06 16:53:53 [INFO] [Multiverse-Core] Loading World & Settings - 'world' - Env: NORMAL - Type: NORMAL & seed: 5162489594825691053
2556-10-06 16:53:53 [INFO] [Multiverse-Core] Loading World & Settings - 'world_nether' - Env: NETHER - Type: NORMAL & seed: 5162489594825691053
2556-10-06 16:53:53 [INFO] [Multiverse-Core] Loading World & Settings - 'world_the_end' - Env: THE_END - Type: NORMAL & seed: 5162489594825691053
2556-10-06 16:53:53 [INFO] [Multiverse-Core] 3 - World(s) loaded.
2556-10-06 16:58:18 [INFO] [Multiverse-Core] - Version 2.4-b527 (API v14) Enabled - By Rigby, fernferret, lithium3141 and main--
2556-10-06 16:58:19 [INFO] [Multiverse-Core] Loading World & Settings - 'world' - Env: NORMAL - Type: NORMAL & seed: 5162489594825691053
2556-10-06 16:58:19 [INFO] [Multiverse-Core] Loading World & Settings - 'world_nether' - Env: NETHER - Type: NORMAL & seed: 5162489594825691053
2556-10-06 16:58:19 [INFO] [Multiverse-Core] Loading World & Settings - 'world_the_end' - Env: THE_END - Type: NORMAL & seed: 5162489594825691053
2556-10-06 16:58:19 [INFO] [Multiverse-Core] 3 - World(s) loaded.
2556-10-06 17:30:07 [INFO] [Multiverse-Core] - Version 2.4-b527 (API v14) Enabled - By Rigby, fernferret, lithium3141 and main--
2556-10-06 17:30:07 [INFO] [Multiverse-Core] Loading World & Settings - 'world' - Env: NORMAL - Type: NORMAL & seed: 5162489594825691053
2556-10-06 17:30:07 [INFO] [Multiverse-Core] Loading World & Settings - 'world_nether' - Env: NETHER - Type: NORMAL & seed: 5162489594825691053
2556-10-06 17:30:08 [INFO] [Multiverse-Core] Loading World & Settings - 'world_the_end' - Env: THE_END - Type: NORMAL & seed: 5162489594825691053
2556-10-06 17:30:08 [INFO] [Multiverse-Core] 3 - World(s) loaded.
2556-10-06 17:35:03 [INFO] [Multiverse-Core] PLEASE IGNORE the 'Plugin X does not contain any generators' message below!
2556-10-06 17:36:47 [INFO] [Multiverse-Core] - Version 2.4-b527 (API v14) Enabled - By Rigby, fernferret, lithium3141 and main--
2556-10-06 17:36:47 [INFO] [Multiverse-Core] Loading World & Settings - 'world' - Env: NORMAL - Type: NORMAL & seed: 5162489594825691053
2556-10-06 17:36:47 [INFO] [Multiverse-Core] Loading World & Settings - 'world_nether' - Env: NETHER - Type: NORMAL & seed: 5162489594825691053
2556-10-06 17:36:47 [INFO] [Multiverse-Core] Loading World & Settings - 'world_the_end' - Env: THE_END - Type: NORMAL & seed: 5162489594825691053
2556-10-06 17:36:47 [INFO] [Multiverse-Core] 3 - World(s) loaded.
2556-10-06 17:39:46 [INFO] [Multiverse-Core] Loading World & Settings - '1' - Env: NORMAL - Type: null
2556-10-06 17:48:13 [INFO] [Multiverse-Core] - Version 2.4-b527 (API v14) Enabled - By Rigby, fernferret, lithium3141 and main--
2556-10-06 17:48:13 [INFO] [Multiverse-Core] Loading World & Settings - 'world' - Env: NORMAL - Type: NORMAL & seed: 5162489594825691053
2556-10-06 17:48:13 [INFO] [Multiverse-Core] Loading World & Settings - 'world_nether' - Env: NETHER - Type: NORMAL & seed: 5162489594825691053
2556-10-06 17:48:13 [INFO] [Multiverse-Core] Loading World & Settings - 'world_the_end' - Env: THE_END - Type: NORMAL & seed: 5162489594825691053
2556-10-06 17:48:13 [INFO] [Multiverse-Core] Loading World & Settings - '1' - Env: NORMAL - Type: NORMAL & seed: 4884466546570090853
2556-10-06 17:48:13 [INFO] [Multiverse-Core] 4 - World(s) loaded.
2556-10-06 18:14:06 [INFO] [Multiverse-Core] - Version 2.4-b527 (API v14) Enabled - By Rigby, fernferret, lithium3141 and main--
2556-10-06 18:14:06 [INFO] [Multiverse-Core] Loading World & Settings - 'world' - Env: NORMAL - Type: NORMAL & seed: 5162489594825691053
2556-10-06 18:14:06 [INFO] [Multiverse-Core] Loading World & Settings - 'world_nether' - Env: NETHER - Type: NORMAL & seed: 5162489594825691053
2556-10-06 18:14:06 [INFO] [Multiverse-Core] Loading World & Settings - 'world_the_end' - Env: THE_END - Type: NORMAL & seed: 5162489594825691053
2556-10-06 18:14:06 [INFO] [Multiverse-Core] Loading World & Settings - '1' - Env: NORMAL - Type: NORMAL & seed: 4884466546570090853
2556-10-06 18:14:06 [INFO] [Multiverse-Core] 4 - World(s) loaded.
2556-10-06 18:44:41 [INFO] [Multiverse-Core] - Version 2.4-b527 (API v14) Enabled - By Rigby, fernferret, lithium3141 and main--
2556-10-06 18:44:41 [INFO] [Multiverse-Core] Loading World & Settings - 'world' - Env: NORMAL - Type: NORMAL & seed: 5162489594825691053
2556-10-06 18:44:41 [INFO] [Multiverse-Core] Loading World & Settings - 'world_nether' - Env: NETHER - Type: NORMAL & seed: 5162489594825691053
2556-10-06 18:44:41 [INFO] [Multiverse-Core] Loading World & Settings - 'world_the_end' - Env: THE_END - Type: NORMAL & seed: 5162489594825691053
2556-10-06 18:44:41 [INFO] [Multiverse-Core] Loading World & Settings - '1' - Env: NORMAL - Type: NORMAL & seed: 4884466546570090853
2556-10-06 18:44:42 [INFO] [Multiverse-Core] 4 - World(s) loaded.
2556-10-06 19:27:39 [INFO] [Multiverse-Core] - Version 2.4-b527 (API v14) Enabled - By Rigby, fernferret, lithium3141 and main--
2556-10-06 19:27:39 [INFO] [Multiverse-Core] Loading World & Settings - 'world' - Env: NORMAL - Type: NORMAL & seed: 5162489594825691053
2556-10-06 19:27:39 [INFO] [Multiverse-Core] Loading World & Settings - 'world_nether' - Env: NETHER - Type: NORMAL & seed: 5162489594825691053
2556-10-06 19:27:39 [INFO] [Multiverse-Core] Loading World & Settings - 'world_the_end' - Env: THE_END - Type: NORMAL & seed: 5162489594825691053
2556-10-06 19:27:39 [INFO] [Multiverse-Core] Loading World & Settings - '1' - Env: NORMAL - Type: NORMAL & seed: 4884466546570090853
2556-10-06 19:27:39 [INFO] [Multiverse-Core] 4 - World(s) loaded.
2556-10-06 19:27:40 [WARNING] [Multiverse-Core] Portal 1 has an invalid DESTINATION!
2556-10-06 19:38:36 [INFO] [Multiverse-Core] - Version 2.4-b527 (API v14) Enabled - By Rigby, fernferret, lithium3141 and main--
2556-10-06 19:38:36 [INFO] [Multiverse-Core] Loading World & Settings - 'world' - Env: NORMAL - Type: NORMAL & seed: 5162489594825691053
2556-10-06 19:38:36 [INFO] [Multiverse-Core] Loading World & Settings - 'world_nether' - Env: NETHER - Type: NORMAL & seed: 5162489594825691053
2556-10-06 19:38:36 [INFO] [Multiverse-Core] Loading World & Settings - 'world_the_end' - Env: THE_END - Type: NORMAL & seed: 5162489594825691053
2556-10-06 19:38:36 [INFO] [Multiverse-Core] Loading World & Settings - '1' - Env: NORMAL - Type: NORMAL & seed: 4884466546570090853
2556-10-06 19:38:37 [INFO] [Multiverse-Core] 4 - World(s) loaded.
2556-10-06 19:38:37 [WARNING] [Multiverse-Core] Portal 1 has an invalid DESTINATION!
2556-10-06 19:45:31 [INFO] [Multiverse-Core] World '1' was unloaded from memory.
2556-10-06 19:45:31 [INFO] [Multiverse-Core] World '1' was removed from config.yml
2556-10-06 19:46:08 [INFO] [Multiverse-Core] Loading World & Settings - 'land1' - Env: NORMAL - Type: NORMAL
2556-10-06 19:46:13 [WARNING] [Multiverse-Core] Spawn location from world.dat file was unsafe. Adjusting...
2556-10-06 19:46:13 [WARNING] [Multiverse-Core] Original Location: X: 24 Y: 64 Z: 257 P: 0 Y: 0 
2556-10-06 19:46:13 [INFO] [Multiverse-Core] New Spawn for 'land1' is Located at: land1:17.50,64.00,250.50:0.00:0.00
2556-10-06 20:17:11 [WARNING] [Multiverse-Core] Portal world1 has an invalid DESTINATION!
2556-10-06 21:50:10 [INFO] [Multiverse-Core] - Version 2.4-b527 (API v14) Enabled - By Rigby, fernferret, lithium3141 and main--
2556-10-06 21:50:10 [INFO] [Multiverse-Core] Loading World & Settings - 'world' - Env: NORMAL - Type: NORMAL & seed: 5162489594825691053
2556-10-06 21:50:10 [INFO] [Multiverse-Core] Loading World & Settings - 'world_nether' - Env: NETHER - Type: NORMAL & seed: 5162489594825691053
2556-10-06 21:50:11 [INFO] [Multiverse-Core] Loading World & Settings - 'world_the_end' - Env: THE_END - Type: NORMAL & seed: 5162489594825691053
2556-10-06 21:50:11 [INFO] [Multiverse-Core] Loading World & Settings - 'land1' - Env: NORMAL - Type: NORMAL & seed: -6432786048323540850
2556-10-06 21:50:13 [INFO] [Multiverse-Core] 4 - World(s) loaded.
2556-10-06 21:50:14 [WARNING] [Multiverse-Core] Portal dest has an invalid DESTINATION!
2556-10-06 21:50:14 [WARNING] [Multiverse-Core] Portal land1 has an invalid DESTINATION!
2556-10-06 21:53:45 [INFO] [Multiverse-Core] - Version 2.4-b527 (API v14) Enabled - By Rigby, fernferret, lithium3141 and main--
2556-10-06 21:53:45 [INFO] [Multiverse-Core] Loading World & Settings - 'world' - Env: NORMAL - Type: NORMAL & seed: 5162489594825691053
2556-10-06 21:53:45 [INFO] [Multiverse-Core] Loading World & Settings - 'world_nether' - Env: NETHER - Type: NORMAL & seed: 5162489594825691053
2556-10-06 21:53:45 [INFO] [Multiverse-Core] Loading World & Settings - 'world_the_end' - Env: THE_END - Type: NORMAL & seed: 5162489594825691053
2556-10-06 21:53:45 [INFO] [Multiverse-Core] Loading World & Settings - 'land1' - Env: NORMAL - Type: NORMAL & seed: -6432786048323540850
2556-10-06 21:53:46 [INFO] [Multiverse-Core] 4 - World(s) loaded.
2556-10-06 21:53:46 [WARNING] [Multiverse-Core] Portal dest has an invalid DESTINATION!
2556-10-06 21:53:46 [WARNING] [Multiverse-Core] Portal land1 has an invalid DESTINATION!
2556-10-07 10:25:56 [INFO] [Multiverse-Core] - Version 2.4-b527 (API v14) Enabled - By Rigby, fernferret, lithium3141 and main--
2556-10-07 10:25:56 [INFO] [Multiverse-Core] Loading World & Settings - 'world' - Env: NORMAL - Type: NORMAL & seed: 5162489594825691053
2556-10-07 10:25:56 [INFO] [Multiverse-Core] Loading World & Settings - 'world_nether' - Env: NETHER - Type: NORMAL & seed: 5162489594825691053
2556-10-07 10:25:56 [INFO] [Multiverse-Core] Loading World & Settings - 'world_the_end' - Env: THE_END - Type: NORMAL & seed: 5162489594825691053
2556-10-07 10:25:56 [INFO] [Multiverse-Core] Loading World & Settings - 'land1' - Env: NORMAL - Type: NORMAL & seed: -6432786048323540850
2556-10-07 10:25:57 [INFO] [Multiverse-Core] 4 - World(s) loaded.
2556-10-07 10:25:58 [WARNING] [Multiverse-Core] Portal dest has an invalid DESTINATION!
2556-10-07 10:25:58 [WARNING] [Multiverse-Core] Portal land1 has an invalid DESTINATION!
2556-10-07 10:41:19 [INFO] [Multiverse-Core] - Version 2.4-b527 (API v14) Enabled - By Rigby, fernferret, lithium3141 and main--
2556-10-07 10:41:20 [INFO] [Multiverse-Core] Loading World & Settings - 'world' - Env: NORMAL - Type: NORMAL & seed: 5162489594825691053
2556-10-07 10:41:20 [INFO] [Multiverse-Core] Loading World & Settings - 'world_nether' - Env: NETHER - Type: NORMAL & seed: 5162489594825691053
2556-10-07 10:41:20 [INFO] [Multiverse-Core] Loading World & Settings - 'world_the_end' - Env: THE_END - Type: NORMAL & seed: 5162489594825691053
2556-10-07 10:41:20 [INFO] [Multiverse-Core] Loading World & Settings - 'land1' - Env: NORMAL - Type: NORMAL & seed: -6432786048323540850
2556-10-07 10:41:20 [INFO] [Multiverse-Core] 4 - World(s) loaded.
2556-10-07 10:41:21 [WARNING] [Multiverse-Core] Portal dest has an invalid DESTINATION!
2556-10-07 11:04:15 [INFO] [Multiverse-Core] - Version 2.4-b527 (API v14) Enabled - By Rigby, fernferret, lithium3141 and main--
2556-10-07 11:04:15 [INFO] [Multiverse-Core] Loading World & Settings - 'world' - Env: NORMAL - Type: NORMAL & seed: 5162489594825691053
2556-10-07 11:04:15 [INFO] [Multiverse-Core] Loading World & Settings - 'world_nether' - Env: NETHER - Type: NORMAL & seed: 5162489594825691053
2556-10-07 11:04:16 [INFO] [Multiverse-Core] Loading World & Settings - 'world_the_end' - Env: THE_END - Type: NORMAL & seed: 5162489594825691053
2556-10-07 11:04:16 [INFO] [Multiverse-Core] Loading World & Settings - 'land1' - Env: NORMAL - Type: NORMAL & seed: -6432786048323540850
2556-10-07 11:04:17 [INFO] [Multiverse-Core] 4 - World(s) loaded.
2556-10-07 11:04:18 [WARNING] [Multiverse-Core] Portal dest has an invalid DESTINATION!
2556-10-07 11:19:43 [INFO] [Multiverse-Core] World 'land1' was unloaded from memory.
2556-10-07 11:19:43 [INFO] [Multiverse-Core] World 'land1' was removed from config.yml
2556-10-07 11:21:56 [INFO] [Multiverse-Core] - Version 2.4-b527 (API v14) Enabled - By Rigby, fernferret, lithium3141 and main--
2556-10-07 11:21:56 [INFO] [Multiverse-Core] Loading World & Settings - 'world' - Env: NORMAL - Type: NORMAL & seed: 5162489594825691053
2556-10-07 11:21:56 [INFO] [Multiverse-Core] Loading World & Settings - 'world_nether' - Env: NETHER - Type: NORMAL & seed: 5162489594825691053
2556-10-07 11:21:57 [INFO] [Multiverse-Core] Loading World & Settings - 'world_the_end' - Env: THE_END - Type: NORMAL & seed: 5162489594825691053
2556-10-07 11:21:57 [INFO] [Multiverse-Core] 3 - World(s) loaded.
2556-10-07 11:21:57 [WARNING] [Multiverse-Core] Portal dest has an invalid DESTINATION!
2556-10-07 11:21:57 [WARNING] [Multiverse-Core] Portal portalworld1 has an invalid DESTINATION!
2556-10-07 11:21:57 [WARNING] [Multiverse-Core] Portal world has an invalid DESTINATION!
2556-10-07 11:23:51 [INFO] [Multiverse-Core] Loading World & Settings - 'land1' - Env: NORMAL - Type: NORMAL
2556-10-07 11:23:56 [WARNING] [Multiverse-Core] Spawn location from world.dat file was unsafe. Adjusting...
2556-10-07 11:23:56 [WARNING] [Multiverse-Core] Original Location: X: 48 Y: 64 Z: 148 P: 0 Y: 0 
2556-10-07 11:23:56 [INFO] [Multiverse-Core] New Spawn for 'land1' is Located at: land1:56.50,67.00,156.50:0.00:0.00
2556-10-07 11:41:14 [INFO] [Multiverse-Core] Multiverse does not know about portalland1 and it's not loaded by Bukkit.
2556-10-07 11:41:31 [INFO] [Multiverse-Core] Multiverse does not know about portalland1 and it's not loaded by Bukkit.
2556-10-07 11:52:15 [INFO] [Multiverse-Core] Loading World & Settings - 'land2' - Env: NORMAL - Type: NORMAL
2556-10-07 11:52:19 [WARNING] [Multiverse-Core] Spawn location from world.dat file was unsafe. Adjusting...
2556-10-07 11:52:19 [WARNING] [Multiverse-Core] Original Location: X: 260 Y: 64 Z: 42 P: 0 Y: 0 
2556-10-07 11:52:19 [INFO] [Multiverse-Core] New Spawn for 'land2' is Located at: land2:266.50,68.00,47.50:0.00:0.00
2556-10-07 12:07:31 [INFO] [Multiverse-Core] Loading World & Settings - 'land3' - Env: NORMAL - Type: NORMAL
2556-10-07 12:07:37 [WARNING] [Multiverse-Core] Spawn location from world.dat file was unsafe. Adjusting...
2556-10-07 12:07:37 [WARNING] [Multiverse-Core] Original Location: X: -120 Y: 64 Z: 248 P: 0 Y: 0 
2556-10-07 12:07:37 [INFO] [Multiverse-Core] New Spawn for 'land3' is Located at: land3:0.00,63.00,0.00:0.00:0.00
2556-10-07 12:13:22 [INFO] [Multiverse-Core] Loading World & Settings - 'land4' - Env: NORMAL - Type: NORMAL
2556-10-07 12:13:26 [WARNING] [Multiverse-Core] Spawn location from world.dat file was unsafe. Adjusting...
2556-10-07 12:13:26 [WARNING] [Multiverse-Core] Original Location: X: -256 Y: 64 Z: 256 P: 0 Y: 0 
2556-10-07 12:13:26 [INFO] [Multiverse-Core] New Spawn for 'land4' is Located at: land4:-247.50,72.00,250.50:0.00:0.00
2556-10-07 12:38:08 [INFO] [Multiverse-Core] - Version 2.4-b527 (API v14) Enabled - By Rigby, fernferret, lithium3141 and main--
2556-10-07 12:38:08 [INFO] [Multiverse-Core] Loading World & Settings - 'world' - Env: NORMAL - Type: NORMAL & seed: 5162489594825691053
2556-10-07 12:38:08 [INFO] [Multiverse-Core] Loading World & Settings - 'world_nether' - Env: NETHER - Type: NORMAL & seed: 5162489594825691053
2556-10-07 12:38:09 [INFO] [Multiverse-Core] Loading World & Settings - 'world_the_end' - Env: THE_END - Type: NORMAL & seed: 5162489594825691053
2556-10-07 12:38:09 [INFO] [Multiverse-Core] Loading World & Settings - 'land1' - Env: NORMAL - Type: NORMAL & seed: 8632175023834199944
2556-10-07 12:38:09 [INFO] [Multiverse-Core] Loading World & Settings - 'land2' - Env: NORMAL - Type: NORMAL & seed: -6686962324734746560
2556-10-07 12:38:09 [INFO] [Multiverse-Core] Loading World & Settings - 'land3' - Env: NORMAL - Type: NORMAL & seed: 3884868620393363113
2556-10-07 12:38:10 [INFO] [Multiverse-Core] Loading World & Settings - 'land4' - Env: NORMAL - Type: NORMAL & seed: -8090028666198750717
2556-10-07 12:38:10 [INFO] [Multiverse-Core] 7 - World(s) loaded.
2556-10-07 13:15:54 [INFO] [Multiverse-Core] - Version 2.4-b527 (API v14) Enabled - By Rigby, fernferret, lithium3141 and main--
2556-10-07 13:15:54 [INFO] [Multiverse-Core] Loading World & Settings - 'world' - Env: NORMAL - Type: NORMAL & seed: 5162489594825691053
2556-10-07 13:15:54 [INFO] [Multiverse-Core] Loading World & Settings - 'world_nether' - Env: NETHER - Type: NORMAL & seed: 5162489594825691053
2556-10-07 13:15:54 [INFO] [Multiverse-Core] Loading World & Settings - 'world_the_end' - Env: THE_END - Type: NORMAL & seed: 5162489594825691053
2556-10-07 13:15:54 [INFO] [Multiverse-Core] Loading World & Settings - 'land1' - Env: NORMAL - Type: NORMAL & seed: 8632175023834199944
2556-10-07 13:15:55 [INFO] [Multiverse-Core] Loading World & Settings - 'land2' - Env: NORMAL - Type: NORMAL & seed: -6686962324734746560
2556-10-07 13:15:55 [INFO] [Multiverse-Core] Loading World & Settings - 'land3' - Env: NORMAL - Type: NORMAL & seed: 3884868620393363113
2556-10-07 13:15:55 [INFO] [Multiverse-Core] Loading World & Settings - 'land4' - Env: NORMAL - Type: NORMAL & seed: -8090028666198750717
2556-10-07 13:15:56 [INFO] [Multiverse-Core] 7 - World(s) loaded.
2556-10-07 13:53:59 [INFO] [Multiverse-Core] - Version 2.4-b527 (API v14) Enabled - By Rigby, fernferret, lithium3141 and main--
2556-10-07 13:53:59 [INFO] [Multiverse-Core] Loading World & Settings - 'world' - Env: NORMAL - Type: NORMAL & seed: 5162489594825691053
2556-10-07 13:53:59 [INFO] [Multiverse-Core] Loading World & Settings - 'world_nether' - Env: NETHER - Type: NORMAL & seed: 5162489594825691053
2556-10-07 13:53:59 [INFO] [Multiverse-Core] Loading World & Settings - 'world_the_end' - Env: THE_END - Type: NORMAL & seed: 5162489594825691053
2556-10-07 13:53:59 [INFO] [Multiverse-Core] Loading World & Settings - 'land1' - Env: NORMAL - Type: NORMAL & seed: 8632175023834199944
2556-10-07 13:54:00 [INFO] [Multiverse-Core] Loading World & Settings - 'land2' - Env: NORMAL - Type: NORMAL & seed: -6686962324734746560
2556-10-07 13:54:00 [INFO] [Multiverse-Core] Loading World & Settings - 'land3' - Env: NORMAL - Type: NORMAL & seed: 3884868620393363113
2556-10-07 13:54:00 [INFO] [Multiverse-Core] Loading World & Settings - 'land4' - Env: NORMAL - Type: NORMAL & seed: -8090028666198750717
2556-10-07 13:54:01 [INFO] [Multiverse-Core] 7 - World(s) loaded.
2556-10-07 14:21:57 [INFO] [Multiverse-Core] Loading World & Settings - 'land5' - Env: NORMAL - Type: NORMAL
2556-10-07 14:22:01 [WARNING] [Multiverse-Core] Spawn location from world.dat file was unsafe. Adjusting...
2556-10-07 14:22:01 [WARNING] [Multiverse-Core] Original Location: X: -40 Y: 64 Z: 256 P: 0 Y: 0 
2556-10-07 14:22:01 [INFO] [Multiverse-Core] New Spawn for 'land5' is Located at: land5:-33.50,72.00,260.50:0.00:0.00
2556-10-07 14:39:37 [INFO] [Multiverse-Core] Loading World & Settings - 'land6' - Env: NORMAL - Type: NORMAL
2556-10-07 14:39:43 [WARNING] [Multiverse-Core] Spawn location from world.dat file was unsafe. Adjusting...
2556-10-07 14:39:43 [WARNING] [Multiverse-Core] Original Location: X: -212 Y: 64 Z: 256 P: 0 Y: 0 
2556-10-07 14:39:43 [INFO] [Multiverse-Core] New Spawn for 'land6' is Located at: land6:-208.50,64.00,259.50:0.00:0.00
2556-10-07 14:39:43 [INFO] [Multiverse-Core] Loading World & Settings - 'land7' - Env: NORMAL - Type: NORMAL
2556-10-07 14:39:47 [WARNING] [Multiverse-Core] Spawn location from world.dat file was unsafe. Adjusting...
2556-10-07 14:39:47 [WARNING] [Multiverse-Core] Original Location: X: 180 Y: 64 Z: -76 P: 0 Y: 0 
2556-10-07 14:39:47 [INFO] [Multiverse-Core] New Spawn for 'land7' is Located at: land7:188.50,66.00,-67.50:0.00:0.00
2556-10-07 15:45:52 [INFO] [Multiverse-Core] - Version 2.4-b527 (API v14) Enabled - By Rigby, fernferret, lithium3141 and main--
2556-10-07 15:45:52 [INFO] [Multiverse-Core] Loading World & Settings - 'world' - Env: NORMAL - Type: NORMAL & seed: 5162489594825691053
2556-10-07 15:45:52 [INFO] [Multiverse-Core] Loading World & Settings - 'world_nether' - Env: NETHER - Type: NORMAL & seed: 5162489594825691053
2556-10-07 15:45:52 [INFO] [Multiverse-Core] Loading World & Settings - 'world_the_end' - Env: THE_END - Type: NORMAL & seed: 5162489594825691053
2556-10-07 15:45:52 [INFO] [Multiverse-Core] Loading World & Settings - 'land1' - Env: NORMAL - Type: NORMAL & seed: 8632175023834199944
2556-10-07 15:45:53 [INFO] [Multiverse-Core] Loading World & Settings - 'land2' - Env: NORMAL - Type: NORMAL & seed: -6686962324734746560
2556-10-07 15:45:53 [INFO] [Multiverse-Core] Loading World & Settings - 'land3' - Env: NORMAL - Type: NORMAL & seed: 3884868620393363113
2556-10-07 15:45:53 [INFO] [Multiverse-Core] Loading World & Settings - 'land4' - Env: NORMAL - Type: NORMAL & seed: -8090028666198750717
2556-10-07 15:45:53 [INFO] [Multiverse-Core] Loading World & Settings - 'land5' - Env: NORMAL - Type: NORMAL & seed: 2360310039186713337
2556-10-07 15:45:53 [INFO] [Multiverse-Core] Loading World & Settings - 'land6' - Env: NORMAL - Type: NORMAL & seed: 6905575712831005472
2556-10-07 15:45:53 [INFO] [Multiverse-Core] Loading World & Settings - 'land7' - Env: NORMAL - Type: NORMAL & seed: 8755778542656037736
2556-10-07 15:45:54 [INFO] [Multiverse-Core] 10 - World(s) loaded.
2556-10-07 15:48:06 [INFO] [Multiverse-Core] - Version 2.4-b527 (API v14) Enabled - By Rigby, fernferret, lithium3141 and main--
2556-10-07 15:48:06 [INFO] [Multiverse-Core] Loading World & Settings - 'world' - Env: NORMAL - Type: NORMAL & seed: 5162489594825691053
2556-10-07 15:48:06 [INFO] [Multiverse-Core] Loading World & Settings - 'world_nether' - Env: NETHER - Type: NORMAL & seed: 5162489594825691053
2556-10-07 15:48:07 [INFO] [Multiverse-Core] Loading World & Settings - 'world_the_end' - Env: THE_END - Type: NORMAL & seed: 5162489594825691053
2556-10-07 15:48:07 [INFO] [Multiverse-Core] Loading World & Settings - 'land1' - Env: NORMAL - Type: NORMAL & seed: 8632175023834199944
2556-10-07 15:48:07 [INFO] [Multiverse-Core] Loading World & Settings - 'land2' - Env: NORMAL - Type: NORMAL & seed: -6686962324734746560
2556-10-07 15:48:07 [INFO] [Multiverse-Core] Loading World & Settings - 'land3' - Env: NORMAL - Type: NORMAL & seed: 3884868620393363113
2556-10-07 15:48:08 [INFO] [Multiverse-Core] Loading World & Settings - 'land4' - Env: NORMAL - Type: NORMAL & seed: -8090028666198750717
2556-10-07 15:48:08 [INFO] [Multiverse-Core] Loading World & Settings - 'land5' - Env: NORMAL - Type: NORMAL & seed: 2360310039186713337
2556-10-07 15:48:08 [INFO] [Multiverse-Core] Loading World & Settings - 'land6' - Env: NORMAL - Type: NORMAL & seed: 6905575712831005472
2556-10-07 15:48:09 [INFO] [Multiverse-Core] Loading World & Settings - 'land7' - Env: NORMAL - Type: NORMAL & seed: 8755778542656037736
2556-10-07 15:48:09 [INFO] [Multiverse-Core] 10 - World(s) loaded.
2556-10-07 15:54:04 [INFO] [Multiverse-Core] - Version 2.4-b527 (API v14) Enabled - By Rigby, fernferret, lithium3141 and main--
2556-10-07 15:54:04 [INFO] [Multiverse-Core] Loading World & Settings - 'world' - Env: NORMAL - Type: NORMAL & seed: 5162489594825691053
2556-10-07 15:54:04 [INFO] [Multiverse-Core] Loading World & Settings - 'world_nether' - Env: NETHER - Type: NORMAL & seed: 5162489594825691053
2556-10-07 15:54:04 [INFO] [Multiverse-Core] Loading World & Settings - 'world_the_end' - Env: THE_END - Type: NORMAL & seed: 5162489594825691053
2556-10-07 15:54:05 [INFO] [Multiverse-Core] Loading World & Settings - 'land1' - Env: NORMAL - Type: NORMAL & seed: 8632175023834199944
2556-10-07 15:54:05 [INFO] [Multiverse-Core] Loading World & Settings - 'land2' - Env: NORMAL - Type: NORMAL & seed: -6686962324734746560
2556-10-07 15:54:05 [INFO] [Multiverse-Core] Loading World & Settings - 'land3' - Env: NORMAL - Type: NORMAL & seed: 3884868620393363113
2556-10-07 15:54:05 [INFO] [Multiverse-Core] Loading World & Settings - 'land4' - Env: NORMAL - Type: NORMAL & seed: -8090028666198750717
2556-10-07 15:54:05 [INFO] [Multiverse-Core] Loading World & Settings - 'land5' - Env: NORMAL - Type: NORMAL & seed: 2360310039186713337
2556-10-07 15:54:05 [INFO] [Multiverse-Core] Loading World & Settings - 'land6' - Env: NORMAL - Type: NORMAL & seed: 6905575712831005472
2556-10-07 15:54:05 [INFO] [Multiverse-Core] Loading World & Settings - 'land7' - Env: NORMAL - Type: NORMAL & seed: 8755778542656037736
2556-10-07 15:54:06 [INFO] [Multiverse-Core] 10 - World(s) loaded.
2556-10-07 16:04:03 [INFO] [Multiverse-Core] Loading World & Settings - 'fuckingworld' - Env: THE_END - Type: NORMAL
2556-10-07 16:04:04 [WARNING] [Multiverse-Core] Spawn location from world.dat file was unsafe. Adjusting...
2556-10-07 16:04:04 [WARNING] [Multiverse-Core] Original Location: X: 0 Y: 50 Z: 0 P: 0 Y: 0 
2556-10-07 16:04:04 [INFO] [Multiverse-Core] New Spawn for 'fuckingworld' is Located at: fuckingworld:0.00,66.00,0.00:0.00:0.00
2556-10-07 16:11:01 [INFO] [Multiverse-Core] - Version 2.4-b527 (API v14) Enabled - By Rigby, fernferret, lithium3141 and main--
2556-10-07 16:11:01 [INFO] [Multiverse-Core] Loading World & Settings - 'world' - Env: NORMAL - Type: NORMAL & seed: 5162489594825691053
2556-10-07 16:11:01 [INFO] [Multiverse-Core] Loading World & Settings - 'world_nether' - Env: NETHER - Type: NORMAL & seed: 5162489594825691053
2556-10-07 16:11:01 [INFO] [Multiverse-Core] Loading World & Settings - 'world_the_end' - Env: THE_END - Type: NORMAL & seed: 5162489594825691053
2556-10-07 16:11:02 [INFO] [Multiverse-Core] Loading World & Settings - 'land1' - Env: NORMAL - Type: NORMAL & seed: 8632175023834199944
2556-10-07 16:11:02 [INFO] [Multiverse-Core] Loading World & Settings - 'land2' - Env: NORMAL - Type: NORMAL & seed: -6686962324734746560
2556-10-07 16:11:02 [INFO] [Multiverse-Core] Loading World & Settings - 'land3' - Env: NORMAL - Type: NORMAL & seed: 3884868620393363113
2556-10-07 16:11:02 [INFO] [Multiverse-Core] Loading World & Settings - 'land4' - Env: NORMAL - Type: NORMAL & seed: -8090028666198750717
2556-10-07 16:11:02 [INFO] [Multiverse-Core] Loading World & Settings - 'land5' - Env: NORMAL - Type: NORMAL & seed: 2360310039186713337
2556-10-07 16:11:02 [INFO] [Multiverse-Core] Loading World & Settings - 'land6' - Env: NORMAL - Type: NORMAL & seed: 6905575712831005472
2556-10-07 16:11:02 [INFO] [Multiverse-Core] Loading World & Settings - 'land7' - Env: NORMAL - Type: NORMAL & seed: 8755778542656037736
2556-10-07 16:11:02 [INFO] [Multiverse-Core] Loading World & Settings - 'fuckingworld' - Env: THE_END - Type: NORMAL & seed: -9014942172369391921
2556-10-07 16:11:03 [INFO] [Multiverse-Core] 11 - World(s) loaded.
2556-10-07 17:48:05 [INFO] [Multiverse-Core] - Version 2.4-b527 (API v14) Enabled - By Rigby, fernferret, lithium3141 and main--
2556-10-07 17:48:06 [INFO] [Multiverse-Core] Loading World & Settings - 'world' - Env: NORMAL - Type: NORMAL & seed: 5162489594825691053
2556-10-07 17:48:06 [INFO] [Multiverse-Core] Loading World & Settings - 'world_nether' - Env: NETHER - Type: NORMAL & seed: 5162489594825691053
2556-10-07 17:48:06 [INFO] [Multiverse-Core] Loading World & Settings - 'world_the_end' - Env: THE_END - Type: NORMAL & seed: 5162489594825691053
2556-10-07 17:48:06 [INFO] [Multiverse-Core] Loading World & Settings - 'land1' - Env: NORMAL - Type: NORMAL & seed: 8632175023834199944
2556-10-07 17:48:06 [INFO] [Multiverse-Core] Loading World & Settings - 'land2' - Env: NORMAL - Type: NORMAL & seed: -6686962324734746560
2556-10-07 17:48:07 [INFO] [Multiverse-Core] Loading World & Settings - 'land3' - Env: NORMAL - Type: NORMAL & seed: 3884868620393363113
2556-10-07 17:48:07 [INFO] [Multiverse-Core] Loading World & Settings - 'land4' - Env: NORMAL - Type: NORMAL & seed: -8090028666198750717
2556-10-07 17:48:07 [INFO] [Multiverse-Core] Loading World & Settings - 'land5' - Env: NORMAL - Type: NORMAL & seed: 2360310039186713337
2556-10-07 17:48:08 [INFO] [Multiverse-Core] Loading World & Settings - 'land6' - Env: NORMAL - Type: NORMAL & seed: 6905575712831005472
2556-10-07 17:48:08 [INFO] [Multiverse-Core] Loading World & Settings - 'land7' - Env: NORMAL - Type: NORMAL & seed: 8755778542656037736
2556-10-07 17:48:08 [INFO] [Multiverse-Core] Loading World & Settings - 'fuckingworld' - Env: THE_END - Type: NORMAL & seed: -9014942172369391921
2556-10-07 17:48:08 [INFO] [Multiverse-Core] 11 - World(s) loaded.
